1617885462484	geckodriver	INFO	Listening on 127.0.0.1:64773
1617885463071	mozrunner::runner	INFO	Running command: "/Applications/Firefox.app/Contents/MacOS/firefox-bin" "--marionette" "-headless" "-foreground" "-no-remote" "-profile" "/var/folders/ms/2gf78l9n6jb1pzwlt_p41mn00000gn/T/rust_mozprofilePyDnoy"
*** You are running in headless mode.
console.warn: SearchSettings: "get: No settings file exists, new profile?" (new Error("", "(unknown module)"))
1617885464212	Marionette	INFO	Listening on port 64781
1617885464235	Marionette	WARN	TLS certificate errors will be ignored for this session
1617885464317	Marionette	INFO	Stopped listening on port 64781
console.warn: services.settings: main/partitioning-exempt-urls sync interrupted by shutdown
console.error: Region.jsm: "Error fetching region" (new TypeError("NetworkError when attempting to fetch resource.", ""))
console.error: Region.jsm: "Failed to fetch region" (new Error("NO_RESULT", "resource://gre/modules/Region.jsm", 419))
console.error: services.settings: 
  main/cfr Signature failed  TypeError: NetworkError when attempting to fetch resource.
1617885464549	geckodriver	INFO	Listening on 127.0.0.1:64806
1617885465566	mozrunner::runner	INFO	Running command: "/Applications/Firefox.app/Contents/MacOS/firefox-bin" "--marionette" "-headless" "-foreground" "-no-remote" "-profile" "/var/folders/ms/2gf78l9n6jb1pzwlt_p41mn00000gn/T/rust_mozprofiledjcpQg"
*** You are running in headless mode.
console.warn: SearchSettings: "get: No settings file exists, new profile?" (new Error("", "(unknown module)"))
1617885466527	Marionette	INFO	Listening on port 64814
1617885466615	Marionette	WARN	TLS certificate errors will be ignored for this session
1617885466689	Marionette	INFO	Stopped listening on port 64814
console.warn: services.settings: main/partitioning-exempt-urls sync interrupted by shutdown
console.error: Region.jsm: "Error fetching region" (new TypeError("NetworkError when attempting to fetch resource.", ""))
console.error: Region.jsm: "Failed to fetch region" (new Error("NO_RESULT", "resource://gre/modules/Region.jsm", 419))
1617885470230	geckodriver	INFO	Listening on 127.0.0.1:64840
1617885470235	mozrunner::runner	INFO	Running command: "/Applications/Firefox.app/Contents/MacOS/firefox-bin" "--marionette" "-headless" "-foreground" "-no-remote" "-profile" "/var/folders/ms/2gf78l9n6jb1pzwlt_p41mn00000gn/T/rust_mozprofile7wpobY"
*** You are running in headless mode.
console.warn: SearchSettings: "get: No settings file exists, new profile?" (new Error("", "(unknown module)"))
1617885471307	Marionette	INFO	Listening on port 64845
1617885471384	Marionette	WARN	TLS certificate errors will be ignored for this session
1617885471474	Marionette	INFO	Stopped listening on port 64845
console.error: services.settings: 
  main/partitioning-exempt-urls Signature failed  TypeError: NetworkError when attempting to fetch resource.
1617885471709	geckodriver	INFO	Listening on 127.0.0.1:64875
1617885472727	mozrunner::runner	INFO	Running command: "/Applications/Firefox.app/Contents/MacOS/firefox-bin" "--marionette" "-headless" "-foreground" "-no-remote" "-profile" "/var/folders/ms/2gf78l9n6jb1pzwlt_p41mn00000gn/T/rust_mozprofileEXMZFj"
*** You are running in headless mode.
console.warn: SearchSettings: "get: No settings file exists, new profile?" (new Error("", "(unknown module)"))
1617885473891	Marionette	INFO	Listening on port 64882
1617885473991	Marionette	WARN	TLS certificate errors will be ignored for this session
1617885474065	Marionette	INFO	Stopped listening on port 64882
console.warn: services.settings: main/partitioning-exempt-urls sync interrupted by shutdown
1617885577090	geckodriver	INFO	Listening on 127.0.0.1:64925
1617885577095	mozrunner::runner	INFO	Running command: "/Applications/Firefox.app/Contents/MacOS/firefox-bin" "--marionette" "-headless" "-foreground" "-no-remote" "-profile" "/var/folders/ms/2gf78l9n6jb1pzwlt_p41mn00000gn/T/rust_mozprofileEuj5Vj"
*** You are running in headless mode.
console.warn: SearchSettings: "get: No settings file exists, new profile?" (new Error("", "(unknown module)"))
1617885578098	Marionette	INFO	Listening on port 64930
1617885578152	Marionette	WARN	TLS certificate errors will be ignored for this session
1617885578228	Marionette	INFO	Stopped listening on port 64930
console.warn: services.settings: main/partitioning-exempt-urls sync interrupted by shutdown
console.error: Region.jsm: "Error fetching region" (new TypeError("NetworkError when attempting to fetch resource.", ""))
console.error: Region.jsm: "Failed to fetch region" (new Error("NO_RESULT", "resource://gre/modules/Region.jsm", 419))
console.error: services.settings: 
  main/cfr Signature failed  TypeError: NetworkError when attempting to fetch resource.
1617885578461	geckodriver	INFO	Listening on 127.0.0.1:64956
1617885579478	mozrunner::runner	INFO	Running command: "/Applications/Firefox.app/Contents/MacOS/firefox-bin" "--marionette" "-headless" "-foreground" "-no-remote" "-profile" "/var/folders/ms/2gf78l9n6jb1pzwlt_p41mn00000gn/T/rust_mozprofilemYPxPA"
*** You are running in headless mode.
console.warn: SearchSettings: "get: No settings file exists, new profile?" (new Error("", "(unknown module)"))
1617885580430	Marionette	INFO	Listening on port 64963
1617885580535	Marionette	WARN	TLS certificate errors will be ignored for this session
1617885580610	Marionette	INFO	Stopped listening on port 64963
console.warn: services.settings: main/partitioning-exempt-urls sync interrupted by shutdown
console.error: Region.jsm: "Error fetching region" (new TypeError("NetworkError when attempting to fetch resource.", ""))
console.error: Region.jsm: "Failed to fetch region" (new Error("NO_RESULT", "resource://gre/modules/Region.jsm", 419))
1617885620563	geckodriver	INFO	Listening on 127.0.0.1:64993
1617885620568	mozrunner::runner	INFO	Running command: "/Applications/Firefox.app/Contents/MacOS/firefox-bin" "--marionette" "-headless" "-foreground" "-no-remote" "-profile" "/var/folders/ms/2gf78l9n6jb1pzwlt_p41mn00000gn/T/rust_mozprofilek4F6I9"
*** You are running in headless mode.
console.warn: SearchSettings: "get: No settings file exists, new profile?" (new Error("", "(unknown module)"))
1617885621498	Marionette	INFO	Listening on port 64998
1617885621510	Marionette	WARN	TLS certificate errors will be ignored for this session
1617885621582	Marionette	INFO	Stopped listening on port 64998
console.warn: services.settings: main/partitioning-exempt-urls sync interrupted by shutdown
console.error: Region.jsm: "Error fetching region" (new TypeError("NetworkError when attempting to fetch resource.", ""))
console.error: Region.jsm: "Failed to fetch region" (new Error("NO_RESULT", "resource://gre/modules/Region.jsm", 419))
console.error: services.settings: 
  main/cfr Signature failed  TypeError: NetworkError when attempting to fetch resource.
